<?xml version="1.0" encoding="UTF-8"?>
<!-- Generated by org.testng.reporters.JUnitXMLReporter -->
<testsuite hostname="DESKTOP-1PII3BL" ignored="0" name="Default test" tests="6" failures="0" timestamp="2022-03-19T15:14:51 IST" time="65.689" errors="0">
  <testcase name="LoginintoApp" time="4.914" classname="apptestcases.Applogintestcase"/>
  <testcase name="TC_002" time="3.687" classname="apptestcases.Applogintestcase"/>
  <testcase name="TC_003" time="3.654" classname="apptestcases.Applogintestcase"/>
  <testcase name="TC_004" time="1.396" classname="apptestcases.Applogintestcase"/>
  <testcase name="TC_005" time="7.966" classname="apptestcases.Applogintestcase"/>
  <testcase name="TC_006" time="0.056" classname="apptestcases.Applogintestcase"/>
</testsuite> <!-- Default test -->
