<?xml version="1.0" encoding="UTF-8"?>
<!-- Generated by org.testng.reporters.JUnitXMLReporter -->
<testsuite hostname="DESKTOP-1PII3BL" ignored="0" name="Default test" tests="6" failures="0" timestamp="2022-03-22T21:46:34 IST" time="78.702" errors="0">
  <testcase name="LoginintoApp" time="4.526" classname="apptestcases.Applogintestcase"/>
  <testcase name="TC_002" time="3.578" classname="apptestcases.Applogintestcase"/>
  <testcase name="TC_003" time="3.625" classname="apptestcases.Applogintestcase"/>
  <testcase name="TC_004" time="1.302" classname="apptestcases.Applogintestcase"/>
  <testcase name="TC_005" time="21.641" classname="apptestcases.Applogintestcase"/>
  <testcase name="TC_006" time="0.079" classname="apptestcases.Applogintestcase"/>
</testsuite> <!-- Default test -->
