<?xml version="1.0" encoding="UTF-8"?>
<!-- Generated by org.testng.reporters.JUnitXMLReporter -->
<testsuite hostname="DESKTOP-1PII3BL" ignored="0" name="Test" tests="3" failures="1" timestamp="2022-03-16T12:46:23 IST" time="34.434" errors="0">
  <testcase name="LoginintoApp" time="5.001" classname="apptestcases.Applogintestcase"/>
  <testcase name="TC_002" time="3.694" classname="apptestcases.Applogintestcase">
    <failure type="java.lang.AssertionError" message="expected [ Warning: No match for E-Mail Address and/or Password.] but found [Warning: No match for E-Mail Address and/or Password.]">
      <![CDATA[java.lang.AssertionError: expected [ Warning: No match for E-Mail Address and/or Password.] but found [Warning: No match for E-Mail Address and/or Password.]
at apptestcases.Applogintestcase.TC_002(Applogintestcase.java:46)
at java.util.ArrayList.forEach(ArrayList.java:1259)
... Removed 33 stack frames]]>
    </failure>
  </testcase> <!-- TC_002 -->
  <testcase name="TC_003" time="3.621" classname="apptestcases.Applogintestcase"/>
</testsuite> <!-- Test -->
