<?xml version="1.0" encoding="UTF-8"?>
<testng-results skipped="0" failed="0" ignored="0" total="2" passed="2">
  <reporter-output>
  </reporter-output>
  <suite name="Suite" duration-ms="26001" started-at="2022-03-13T21:26:52 IST" finished-at="2022-03-13T21:27:18 IST">
    <groups>
    </groups>
    <test name="Test" duration-ms="26001" started-at="2022-03-13T21:26:52 IST" finished-at="2022-03-13T21:27:18 IST">
      <class name="apptestcases.Applogintestcase">
        <test-method status="PASS" signature="presetup()[pri:0, instance:apptestcases.Applogintestcase@543c6f6d]" name="presetup" is-config="true" duration-ms="977" started-at="2022-03-13T21:26:51 IST" finished-at="2022-03-13T21:26:52 IST">
          <reporter-output>
          </reporter-output>
        </test-method> <!-- presetup -->
        <test-method status="PASS" signature="setup()[pri:0, instance:apptestcases.Applogintestcase@543c6f6d]" name="setup" is-config="true" duration-ms="8449" started-at="2022-03-13T21:26:52 IST" finished-at="2022-03-13T21:27:01 IST">
          <reporter-output>
          </reporter-output>
        </test-method> <!-- setup -->
        <test-method status="PASS" signature="LoginintoApp()[pri:1, instance:apptestcases.Applogintestcase@543c6f6d]" name="LoginintoApp" duration-ms="4712" started-at="2022-03-13T21:27:01 IST" finished-at="2022-03-13T21:27:05 IST">
          <reporter-output>
          </reporter-output>
        </test-method> <!-- LoginintoApp -->
        <test-method status="PASS" signature="teardownmethod(org.testng.ITestResult)[pri:0, instance:apptestcases.Applogintestcase@543c6f6d]" name="teardownmethod" is-config="true" duration-ms="1649" started-at="2022-03-13T21:27:05 IST" finished-at="2022-03-13T21:27:07 IST">
          <params>
            <param index="0">
              <value>
                <![CDATA[[TestResult name=LoginintoApp status=SUCCESS method=Applogintestcase.LoginintoApp()[pri:1, instance:apptestcases.Applogintestcase@543c6f6d] output={null}]]]>
              </value>
            </param>
          </params>
          <reporter-output>
          </reporter-output>
        </test-method> <!-- teardownmethod -->
        <test-method status="PASS" signature="setup()[pri:0, instance:apptestcases.Applogintestcase@543c6f6d]" name="setup" is-config="true" duration-ms="6701" started-at="2022-03-13T21:27:07 IST" finished-at="2022-03-13T21:27:14 IST">
          <reporter-output>
          </reporter-output>
        </test-method> <!-- setup -->
        <test-method status="PASS" signature="TC_002()[pri:2, instance:apptestcases.Applogintestcase@543c6f6d]" name="TC_002" duration-ms="3614" started-at="2022-03-13T21:27:14 IST" finished-at="2022-03-13T21:27:17 IST">
          <reporter-output>
          </reporter-output>
        </test-method> <!-- TC_002 -->
        <test-method status="PASS" signature="teardownmethod(org.testng.ITestResult)[pri:0, instance:apptestcases.Applogintestcase@543c6f6d]" name="teardownmethod" is-config="true" duration-ms="811" started-at="2022-03-13T21:27:17 IST" finished-at="2022-03-13T21:27:18 IST">
          <params>
            <param index="0">
              <value>
                <![CDATA[[TestResult name=TC_002 status=SUCCESS method=Applogintestcase.TC_002()[pri:2, instance:apptestcases.Applogintestcase@543c6f6d] output={null}]]]>
              </value>
            </param>
          </params>
          <reporter-output>
          </reporter-output>
        </test-method> <!-- teardownmethod -->
      </class> <!-- apptestcases.Applogintestcase -->
    </test> <!-- Test -->
  </suite> <!-- Suite -->
</testng-results>
