<?xml version="1.0" encoding="UTF-8"?>
<testng-results skipped="0" failed="0" ignored="0" total="6" passed="6">
  <reporter-output>
  </reporter-output>
  <suite name="Default suite" duration-ms="78702" started-at="2022-03-22T21:45:15 IST" finished-at="2022-03-22T21:46:34 IST">
    <groups>
    </groups>
    <test name="Default test" duration-ms="78702" started-at="2022-03-22T21:45:15 IST" finished-at="2022-03-22T21:46:34 IST">
      <class name="apptestcases.Applogintestcase">
        <test-method status="PASS" signature="presetup()[pri:0, instance:apptestcases.Applogintestcase@543c6f6d]" name="presetup" is-config="true" duration-ms="986" started-at="2022-03-22T21:45:14 IST" finished-at="2022-03-22T21:45:15 IST">
          <reporter-output>
          </reporter-output>
        </test-method> <!-- presetup -->
        <test-method status="PASS" signature="setup()[pri:0, instance:apptestcases.Applogintestcase@543c6f6d]" name="setup" is-config="true" duration-ms="10097" started-at="2022-03-22T21:45:15 IST" finished-at="2022-03-22T21:45:25 IST">
          <reporter-output>
          </reporter-output>
        </test-method> <!-- setup -->
        <test-method status="PASS" signature="LoginintoApp()[pri:1, instance:apptestcases.Applogintestcase@543c6f6d]" name="LoginintoApp" duration-ms="4526" started-at="2022-03-22T21:45:25 IST" finished-at="2022-03-22T21:45:30 IST">
          <reporter-output>
          </reporter-output>
        </test-method> <!-- LoginintoApp -->
        <test-method status="PASS" signature="teardownmethod(org.testng.ITestResult)[pri:0, instance:apptestcases.Applogintestcase@543c6f6d]" name="teardownmethod" is-config="true" duration-ms="1397" started-at="2022-03-22T21:45:30 IST" finished-at="2022-03-22T21:45:31 IST">
          <params>
            <param index="0">
              <value>
                <![CDATA[[TestResult name=LoginintoApp status=SUCCESS method=Applogintestcase.LoginintoApp()[pri:1, instance:apptestcases.Applogintestcase@543c6f6d] output={null}]]]>
              </value>
            </param>
          </params>
          <reporter-output>
          </reporter-output>
        </test-method> <!-- teardownmethod -->
        <test-method status="PASS" signature="setup()[pri:0, instance:apptestcases.Applogintestcase@543c6f6d]" name="setup" is-config="true" duration-ms="6012" started-at="2022-03-22T21:45:31 IST" finished-at="2022-03-22T21:45:37 IST">
          <reporter-output>
          </reporter-output>
        </test-method> <!-- setup -->
        <test-method status="PASS" signature="TC_002()[pri:2, instance:apptestcases.Applogintestcase@543c6f6d]" name="TC_002" duration-ms="3578" started-at="2022-03-22T21:45:37 IST" finished-at="2022-03-22T21:45:41 IST">
          <reporter-output>
          </reporter-output>
        </test-method> <!-- TC_002 -->
        <test-method status="PASS" signature="teardownmethod(org.testng.ITestResult)[pri:0, instance:apptestcases.Applogintestcase@543c6f6d]" name="teardownmethod" is-config="true" duration-ms="989" started-at="2022-03-22T21:45:41 IST" finished-at="2022-03-22T21:45:42 IST">
          <params>
            <param index="0">
              <value>
                <![CDATA[[TestResult name=TC_002 status=SUCCESS method=Applogintestcase.TC_002()[pri:2, instance:apptestcases.Applogintestcase@543c6f6d] output={null}]]]>
              </value>
            </param>
          </params>
          <reporter-output>
          </reporter-output>
        </test-method> <!-- teardownmethod -->
        <test-method status="PASS" signature="setup()[pri:0, instance:apptestcases.Applogintestcase@543c6f6d]" name="setup" is-config="true" duration-ms="5503" started-at="2022-03-22T21:45:42 IST" finished-at="2022-03-22T21:45:47 IST">
          <reporter-output>
          </reporter-output>
        </test-method> <!-- setup -->
        <test-method status="PASS" signature="TC_003()[pri:3, instance:apptestcases.Applogintestcase@543c6f6d]" name="TC_003" duration-ms="3625" started-at="2022-03-22T21:45:47 IST" finished-at="2022-03-22T21:45:51 IST">
          <reporter-output>
          </reporter-output>
        </test-method> <!-- TC_003 -->
        <test-method status="PASS" signature="teardownmethod(org.testng.ITestResult)[pri:0, instance:apptestcases.Applogintestcase@543c6f6d]" name="teardownmethod" is-config="true" duration-ms="874" started-at="2022-03-22T21:45:51 IST" finished-at="2022-03-22T21:45:52 IST">
          <params>
            <param index="0">
              <value>
                <![CDATA[[TestResult name=TC_003 status=SUCCESS method=Applogintestcase.TC_003()[pri:3, instance:apptestcases.Applogintestcase@543c6f6d] output={null}]]]>
              </value>
            </param>
          </params>
          <reporter-output>
          </reporter-output>
        </test-method> <!-- teardownmethod -->
        <test-method status="PASS" signature="setup()[pri:0, instance:apptestcases.Applogintestcase@543c6f6d]" name="setup" is-config="true" duration-ms="5592" started-at="2022-03-22T21:45:52 IST" finished-at="2022-03-22T21:45:57 IST">
          <reporter-output>
          </reporter-output>
        </test-method> <!-- setup -->
        <test-method status="PASS" signature="TC_004()[pri:4, instance:apptestcases.Applogintestcase@543c6f6d]" name="TC_004" duration-ms="1302" started-at="2022-03-22T21:45:57 IST" finished-at="2022-03-22T21:45:59 IST">
          <reporter-output>
          </reporter-output>
        </test-method> <!-- TC_004 -->
        <test-method status="PASS" signature="teardownmethod(org.testng.ITestResult)[pri:0, instance:apptestcases.Applogintestcase@543c6f6d]" name="teardownmethod" is-config="true" duration-ms="946" started-at="2022-03-22T21:45:59 IST" finished-at="2022-03-22T21:46:00 IST">
          <params>
            <param index="0">
              <value>
                <![CDATA[[TestResult name=TC_004 status=SUCCESS method=Applogintestcase.TC_004()[pri:4, instance:apptestcases.Applogintestcase@543c6f6d] output={null}]]]>
              </value>
            </param>
          </params>
          <reporter-output>
          </reporter-output>
        </test-method> <!-- teardownmethod -->
        <test-method status="PASS" signature="setup()[pri:0, instance:apptestcases.Applogintestcase@543c6f6d]" name="setup" is-config="true" duration-ms="5430" started-at="2022-03-22T21:46:00 IST" finished-at="2022-03-22T21:46:05 IST">
          <reporter-output>
          </reporter-output>
        </test-method> <!-- setup -->
        <test-method status="PASS" signature="TC_005()[pri:5, instance:apptestcases.Applogintestcase@543c6f6d]" name="TC_005" duration-ms="21641" started-at="2022-03-22T21:46:05 IST" finished-at="2022-03-22T21:46:27 IST">
          <reporter-output>
          </reporter-output>
        </test-method> <!-- TC_005 -->
        <test-method status="PASS" signature="teardownmethod(org.testng.ITestResult)[pri:0, instance:apptestcases.Applogintestcase@543c6f6d]" name="teardownmethod" is-config="true" duration-ms="805" started-at="2022-03-22T21:46:27 IST" finished-at="2022-03-22T21:46:28 IST">
          <params>
            <param index="0">
              <value>
                <![CDATA[[TestResult name=TC_005 status=SUCCESS method=Applogintestcase.TC_005()[pri:5, instance:apptestcases.Applogintestcase@543c6f6d] output={null}]]]>
              </value>
            </param>
          </params>
          <reporter-output>
          </reporter-output>
        </test-method> <!-- teardownmethod -->
        <test-method status="PASS" signature="setup()[pri:0, instance:apptestcases.Applogintestcase@543c6f6d]" name="setup" is-config="true" duration-ms="5462" started-at="2022-03-22T21:46:28 IST" finished-at="2022-03-22T21:46:33 IST">
          <reporter-output>
          </reporter-output>
        </test-method> <!-- setup -->
        <test-method status="PASS" signature="TC_006()[pri:6, instance:apptestcases.Applogintestcase@543c6f6d]" name="TC_006" duration-ms="79" started-at="2022-03-22T21:46:33 IST" finished-at="2022-03-22T21:46:33 IST">
          <reporter-output>
          </reporter-output>
        </test-method> <!-- TC_006 -->
        <test-method status="PASS" signature="teardownmethod(org.testng.ITestResult)[pri:0, instance:apptestcases.Applogintestcase@543c6f6d]" name="teardownmethod" is-config="true" duration-ms="794" started-at="2022-03-22T21:46:33 IST" finished-at="2022-03-22T21:46:34 IST">
          <params>
            <param index="0">
              <value>
                <![CDATA[[TestResult name=TC_006 status=SUCCESS method=Applogintestcase.TC_006()[pri:6, instance:apptestcases.Applogintestcase@543c6f6d] output={null}]]]>
              </value>
            </param>
          </params>
          <reporter-output>
          </reporter-output>
        </test-method> <!-- teardownmethod -->
      </class> <!-- apptestcases.Applogintestcase -->
    </test> <!-- Default test -->
  </suite> <!-- Default suite -->
</testng-results>
